<?xml version="1.0" encoding="UTF-8"?>
<!-- Generated by org.testng.reporters.JUnitReportReporter -->
<testsuite hostname="AvianSoft" failures="0" tests="3" name="Test1.VarDetailTC" time="34.115" errors="0" timestamp="2025-07-10T15:27:59 IST" skipped="0">
  <testcase classname="Test1.VarDetailTC" name="getModelPageDataTest" time="15.114"/>
  <testcase classname="Test1.VarDetailTC" name="getModelPageDataTest" time="8.660"/>
  <testcase classname="Test1.VarDetailTC" name="getModelPageDataTest" time="10.341"/>
</testsuite> <!-- Test1.VarDetailTC -->
