<?xml version="1.0" encoding="UTF-8"?>
<!-- Generated by org.testng.reporters.JUnitReportReporter -->
<testsuite hostname="AvianSoft" failures="0" tests="1" name="Test1.VarDetailTC" time="26.576" errors="0" timestamp="2025-07-08T12:56:46 IST" skipped="0">
  <testcase classname="Test1.VarDetailTC" name="getModelPageDataTest" time="26.576"/>
</testsuite> <!-- Test1.VarDetailTC -->
