<?xml version="1.0" encoding="UTF-8"?>
<!-- Generated by org.testng.reporters.JUnitReportReporter -->
<testsuite hostname="AvianSoft" failures="0" tests="1" name="Test1.VarDetailTC" time="25.708" errors="0" timestamp="2025-07-05T14:02:03 IST" skipped="0">
  <testcase classname="Test1.VarDetailTC" name="getModelPageDataTest" time="25.708"/>
</testsuite> <!-- Test1.VarDetailTC -->
