<?xml version="1.0" encoding="UTF-8"?>
<!-- Generated by org.testng.reporters.JUnitReportReporter -->
<testsuite hostname="AvianSoft" failures="0" tests="3" name="Test1.VarDetailTC" time="48.987" errors="0" timestamp="2025-07-16T18:29:54 IST" skipped="0">
  <testcase classname="Test1.VarDetailTC" name="getModelPageDataTest" time="24.824"/>
  <testcase classname="Test1.VarDetailTC" name="getModelPageDataTest" time="12.703"/>
  <testcase classname="Test1.VarDetailTC" name="getModelPageDataTest" time="11.460"/>
</testsuite> <!-- Test1.VarDetailTC -->
